Arguments: 
  C:\Program Files\nodejs\node.exe C:\Users\RS\AppData\Roaming\npm\node_modules\yarn\bin\yarn.js

PATH: 
  C:\Windows\system32;C:\Windows;C:\Windows\System32\Wbem;C:\Windows\System32\WindowsPowerShell\v1.0\;C:\Windows\System32\OpenSSH\;C:\Program Files\nodejs\;C:\Program Files\NVIDIA Corporation\NVIDIA NvDLISR;C:\Program Files (x86)\NVIDIA Corporation\PhysX\Common;C:\Program Files\dotnet\;C:\Program Files\Microsoft SQL Server\130\Tools\Binn\;C:\Program Files\Microsoft SQL Server\Client SDK\ODBC\170\Tools\Binn\;C:\Program Files (x86)\Intel\Intel(R) Management Engine Components\DAL;C:\Program Files\Intel\Intel(R) Management Engine Components\DAL;C:\Program Files (x86)\Microsoft SQL Server\150\Tools\Binn\;C:\Program Files\Microsoft SQL Server\150\Tools\Binn\;C:\Program Files\Microsoft SQL Server\150\DTS\Binn\;C:\Program Files (x86)\Microsoft SQL Server\150\DTS\Binn\;C:\Program Files\Azure Data Studio\bin;%LOCALAPPDATA%\Android\Sdk\platform-tools;G:\Softwares\Git\cmd;C:\Users\RS\AppData\Local\Programs\Python\Python38-32\Scripts\;C:\Users\RS\AppData\Local\Programs\Python\Python38-32\;C:\Users\RS\AppData\Local\Microsoft\WindowsApps;C:\Users\RS\AppData\Roaming\npm;C:\Users\RS\AppData\Local\Programs\Microsoft VS Code\bin;C:\Users\RS\.dotnet\tools;G:\Softwares\heroku\bin;C:\Program Files\Azure Data Studio\bin

Yarn version: 
  1.22.10

Node version: 
  12.18.3

Platform: 
  win32 x64

Trace: 
  SyntaxError: G:\Projects\Project\React\EcommerceReact\fab-clothing-proj\package.json: Unexpected end of JSON input
      at JSON.parse (<anonymous>)
      at C:\Users\RS\AppData\Roaming\npm\node_modules\yarn\lib\cli.js:1625:59
      at Generator.next (<anonymous>)
      at step (C:\Users\RS\AppData\Roaming\npm\node_modules\yarn\lib\cli.js:310:30)
      at C:\Users\RS\AppData\Roaming\npm\node_modules\yarn\lib\cli.js:321:13

npm manifest: 
  

yarn manifest: 
  No manifest

Lockfile: 
  No lockfile
